IQ-TREE multicore version 2.0.7 for Linux 64-bit built Jan 21 2022
Developed by Bui Quang Minh, Nguyen Lam Tung, Olga Chernomor,
Heiko Schmidt, Dominik Schrempf, Michael Woodhams.

Host:    7413eb0a9506 (AVX2, FMA3, 12 GB RAM)
Command: iqtree2 -s /content/drive/MyDrive/PhyloPipelineRuns/Temnothorax_COI_200species_phyloSafe_20260310-032427/muscle.aln.fasta -m TEST -nt AUTO -quiet
Seed:    555896 (Using SPRNG - Scalable Parallel Random Number Generator)
Time:    Tue Mar 10 03:35:25 2026
Kernel:  AVX+FMA - auto-detect threads (2 CPU cores detected)

Reading alignment file /content/drive/MyDrive/PhyloPipelineRuns/Temnothorax_COI_200species_phyloSafe_20260310-032427/muscle.aln.fasta ... Fasta format detected
Alignment most likely contains DNA/RNA sequences
Alignment has 200 sequences with 1613 columns, 797 distinct patterns
587 parsimony-informative, 194 singleton sites, 832 constant sites
                           Gap/Ambiguity  Composition  p-value
   1  PQ6726181_Temnothorax_3     12.65%    passed     11.38%
   2  ON0528141_Temnothorax_91    13.52%    passed     80.39%
   3  ON0527961_Temnothorax_109   25.73%    passed     43.74%
   4  ON0528161_Temnothorax_89    17.36%    passed     53.90%
   5  PQ6726161_Temnothorax_5     13.76%    passed     75.65%
   6  PQ6726151_Temnothorax_6     12.65%    passed     75.57%
   7  ON0528061_Temnothorax_99    14.57%    passed     71.80%
   8  ON0528081_Temnothorax_97    13.45%    passed     78.04%
   9  ON0528151_Temnothorax_90    16.49%    passed     63.74%
  10  ON0528091_Temnothorax_96    16.86%    passed     58.38%
  11  ON0528071_Temnothorax_98    15.13%    passed     66.48%
  12  ON0528131_Temnothorax_92    18.16%    passed     61.98%
  13  ON0527971_Temnothorax_108   13.45%    passed     74.39%
  14  ON0528011_Temnothorax_104   20.89%    passed     48.69%
  15  ON0528021_Temnothorax_103   14.63%    passed     74.65%
  16  ON0528041_Temnothorax_101   15.13%    passed     68.80%
  17  ON0528121_Temnothorax_93    14.57%    passed     74.59%
  18  ON0528031_Temnothorax_102   14.51%    passed     74.48%
  19  ON0527991_Temnothorax_106   13.45%    passed     79.78%
  20  ON0527981_Temnothorax_107   16.43%    passed     65.30%
  21  ON0527951_Temnothorax_110   18.72%    passed     53.44%
  22  ON0527941_Temnothorax_111   23.00%    passed     40.62%
  23  ON0527931_Temnothorax_112   13.45%    passed     79.05%
  24  ON0527921_Temnothorax_113   13.52%    passed     79.10%
  25  ON0527861_Temnothorax_115   14.32%    passed     74.36%
  26  ON0527851_Temnothorax_116   14.51%    passed     73.00%
  27  PQ6726141_Temnothorax_7     12.65%    passed     77.14%
  28  ON0528001_Temnothorax_105   14.51%    passed     71.33%
  29  ON0528101_Temnothorax_95    14.57%    passed     69.76%
  30  ON0528051_Temnothorax_100   14.94%    passed     64.28%
  31  ON0528111_Temnothorax_94    14.57%    passed     73.28%
  32  ON0527891_Temnothorax_114   13.45%    passed     81.24%
  33  PQ6726171_Temnothorax_4     44.89%    passed      8.28%
  34  ON0528191_Temnothorax_86    13.21%    passed     84.94%
  35  ON0528181_Temnothorax_87    14.57%    passed     72.33%
  36  ON0528171_Temnothorax_88    14.69%    passed     64.06%
  37  ON0528201_Temnothorax_85    13.58%    passed     72.57%
  38  ON0528231_Temnothorax_82    28.33%    passed     27.98%
  39  ON0528221_Temnothorax_83    13.45%    passed     66.85%
  40  ON0528211_Temnothorax_84    13.45%    passed     66.85%
  41  PQ6726201_Temnothorax_1     12.65%    passed     56.39%
  42  PQ6726191_Temnothorax_2     12.90%    passed     54.61%
  43  OP2971851_Temnothorax_45    28.70%    passed     42.94%
  44  OP2971811_Temnothorax_49    28.58%    passed     48.96%
  45  OP2971801_Temnothorax_50    28.15%    passed     50.70%
  46  OP2971901_Temnothorax_40    27.84%    passed     37.62%
  47  OP2971821_Temnothorax_48    28.02%    passed     48.88%
  48  OP2971891_Temnothorax_41    27.90%    passed     41.04%
  49  OP2971841_Temnothorax_46    27.84%    passed     47.48%
  50  OP2971831_Temnothorax_47    28.70%    passed     47.07%
  51  OP2971881_Temnothorax_42    27.90%    passed     46.48%
  52  OP2971921_Temnothorax_38    28.83%    passed     46.30%
  53  OP2971911_Temnothorax_39    27.96%    passed     44.30%
  54  OP2971871_Temnothorax_43    28.02%    passed     46.03%
  55  OP2971861_Temnothorax_44    28.39%    passed     45.35%
  56  OP3229651_Temnothorax_11    28.95%    passed     15.08%
  57  OP3229521_Temnothorax_24    31.74%    passed     20.86%
  58  OP3229571_Temnothorax_19    31.37%    passed     20.75%
  59  OP3229641_Temnothorax_12    27.96%    passed     18.00%
  60  OP3229601_Temnothorax_16    27.84%    passed     19.98%
  61  OP3229621_Temnothorax_14    27.96%    passed     19.67%
  62  OP3229631_Temnothorax_13    28.08%    passed     21.44%
  63  OP3229591_Temnothorax_17    28.39%    passed     19.63%
  64  OP3229611_Temnothorax_15    30.50%    passed     19.36%
  65  OP3229581_Temnothorax_18    29.39%    passed     13.42%
  66  OP3229511_Temnothorax_25    27.90%    passed     14.37%
  67  OP3229551_Temnothorax_21    30.50%    passed     17.27%
  68  OP3229531_Temnothorax_23    29.51%    passed     12.46%
  69  OP3229411_Temnothorax_33    28.46%    passed     14.36%
  70  OP3229401_Temnothorax_34    27.90%    passed     16.27%
  71  OP3229481_Temnothorax_28    28.46%    passed     16.28%
  72  OP3229501_Temnothorax_26    29.20%    passed     11.85%
  73  OP3229561_Temnothorax_20    29.14%    passed     12.88%
  74  OP3229431_Temnothorax_32    28.46%    passed     16.61%
  75  OP2971931_Temnothorax_37    28.02%    passed     16.33%
  76  OP3229441_Temnothorax_31    28.39%    passed     15.88%
  77  OP3229461_Temnothorax_30    27.90%    passed     14.85%
  78  OP3229471_Temnothorax_29    28.33%    passed     15.15%
  79  OP3229491_Temnothorax_27    28.64%    passed     16.54%
  80  OP3229541_Temnothorax_22    29.32%    passed     12.80%
  81  OP3229671_Temnothorax_9     30.87%    passed     18.70%
  82  OP3229661_Temnothorax_10    29.88%    passed     16.03%
  83  JN2893161_Temnothorax_153   59.21%    failed      0.38%
  84  JN2892831_Temnothorax_155   60.32%    failed      0.17%
  85  JN2893261_Temnothorax_152   59.21%    failed      4.05%
  86  JN2892811_Temnothorax_156   59.21%    failed      3.50%
  87  JN2893511_Temnothorax_150   59.21%    passed     62.95%
  88  JN2893421_Temnothorax_151   59.21%    passed     57.76%
  89  JN2893091_Temnothorax_154   59.27%    failed      3.63%
  90  HQ5457921_Temnothorax_160   65.22%    passed     12.00%
  91  JN2893521_Temnothorax_149   59.21%    passed     12.71%
  92  MZ6105021_Temnothorax_118   59.21%    failed      0.03%
  93  DQ3533581_Temnothorax_140   35.83%    passed      5.30%
  94  HQ9286301_Temnothorax_141   59.21%    passed     57.06%
  95  MF9010821_Temnothorax_56    65.03%    passed     25.23%
  96  MF9010331_Temnothorax_57    64.29%    passed     36.15%
  97  MF9075431_Temnothorax_78    65.03%    passed     32.57%
  98  MF9003451_Temnothorax_70    64.29%    passed     47.98%
  99  MF9048181_Temnothorax_62    64.29%    passed     42.07%
 100  MG3441561_Temnothorax_167   63.30%    passed     24.83%
 101  MG3418781_Temnothorax_194   64.29%    passed     23.93%
 102  MG3425811_Temnothorax_184   64.29%    passed     19.74%
 103  MG3444471_Temnothorax_164   68.07%    passed     48.99%
 104  MG3429891_Temnothorax_178   62.06%    passed     43.06%
 105  MG3435851_Temnothorax_173   64.29%    passed     34.10%
 106  MG3430461_Temnothorax_177   62.06%    passed     38.75%
 107  MG3436831_Temnothorax_171   67.27%    passed     59.25%
 108  MG3418291_Temnothorax_195   67.08%    passed     59.11%
 109  MG3424171_Temnothorax_186   65.78%    passed     19.59%
 110  MG3422821_Temnothorax_189   63.98%    passed     25.94%
 111  JF8635561_Temnothorax_159   59.21%    passed     20.81%
 112  MG3441261_Temnothorax_168   68.26%    passed     81.42%
 113  MG3418191_Temnothorax_196   67.70%    passed     86.31%
 114  MG3424221_Temnothorax_185   65.96%    passed     80.94%
 115  MG3423961_Temnothorax_187   62.80%    passed     93.94%
 116  MF9070231_Temnothorax_79    67.08%    passed     87.70%
 117  MF9036191_Temnothorax_68    68.38%    passed     80.23%
 118  MG3429351_Temnothorax_179   60.76%    passed     61.69%
 119  MT6063951_Temnothorax_138   59.21%    passed     54.68%
 120  MT6063941_Temnothorax_139   59.21%    passed     41.67%
 121  HQ9546311_Temnothorax_81    61.62%    passed      6.30%
 122  MH1384791_Temnothorax_120   75.20%    passed     45.86%
 123  MH1384781_Temnothorax_121   61.19%    passed     48.12%
 124  MG8403441_Temnothorax_162   59.76%    passed     40.30%
 125  MH1384761_Temnothorax_123   59.21%    passed     33.86%
 126  MH1384771_Temnothorax_122   59.21%    passed     36.35%
 127  MH1384751_Temnothorax_124   83.94%    passed     50.60%
 128  MH1384741_Temnothorax_125   60.88%    passed     48.09%
 129  MH1384731_Temnothorax_126   64.29%    passed     64.31%
 130  MZ6080871_Temnothorax_119   59.21%    passed     48.41%
 131  MZ6107421_Temnothorax_117   59.21%    passed     47.90%
 132  MH1384671_Temnothorax_130   61.87%    passed     66.84%
 133  MH1384661_Temnothorax_131   64.23%    passed     42.62%
 134  OP2971971_Temnothorax_35    60.20%    passed     40.04%
 135  OP2971951_Temnothorax_36    60.20%    passed     41.22%
 136  MF8999221_Temnothorax_73    67.58%    passed      8.03%
 137  HQ5504391_Temnothorax_161   59.21%    failed      0.13%
 138  JF8632831_Temnothorax_157   59.39%    passed     79.53%
 139  JF8632811_Temnothorax_158   59.39%    passed     77.57%
 140  MF9034051_Temnothorax_51    59.21%    passed     37.40%
 141  KR4179761_Temnothorax_142   66.89%    passed     62.94%
 142  MF9047351_Temnothorax_63    63.36%    passed     53.82%
 143  MG3441591_Temnothorax_166   65.72%    passed     32.60%
 144  MG3427311_Temnothorax_181   63.36%    passed     33.50%
 145  MG3446131_Temnothorax_163   75.82%    passed      7.80%
 146  MF9045831_Temnothorax_65    64.48%    passed     24.71%
 147  MG3421851_Temnothorax_191   64.48%    passed     27.54%
 148  MG3428431_Temnothorax_180   64.29%    passed     29.82%
 149  MG3426451_Temnothorax_182   64.17%    passed     28.48%
 150  MG3420991_Temnothorax_193   64.10%    passed     30.38%
 151  MG3417681_Temnothorax_198   64.35%    passed     25.64%
 152  MG3416211_Temnothorax_200   64.17%    passed     19.87%
 153  MG3417351_Temnothorax_199   66.52%    passed     30.48%
 154  MG3434731_Temnothorax_174   64.29%    passed     26.37%
 155  MF9046761_Temnothorax_64    64.29%    passed     18.03%
 156  KR4100621_Temnothorax_147   66.52%    passed     65.62%
 157  MF8991751_Temnothorax_77    67.33%    passed     65.08%
 158  MG3437931_Temnothorax_170   63.48%    passed     68.51%
 159  MF9053941_Temnothorax_61    64.48%    passed     72.63%
 160  MF9063221_Temnothorax_80    63.92%    passed     80.19%
 161  MF9029581_Temnothorax_52    63.55%    passed     77.04%
 162  MF9024481_Temnothorax_53    64.29%    passed     73.71%
 163  MF9007481_Temnothorax_69    64.48%    passed     78.06%
 164  MF9001161_Temnothorax_71    63.36%    passed     73.64%
 165  MF9000761_Temnothorax_72    66.34%    passed     87.21%
 166  KR4179491_Temnothorax_143   66.65%    passed     59.52%
 167  KR4038771_Temnothorax_148   64.85%    passed     64.94%
 168  MG3426001_Temnothorax_183   63.92%    passed     63.17%
 169  MG3436461_Temnothorax_172   63.73%    passed     63.20%
 170  MF8994661_Temnothorax_76    63.55%    passed     59.76%
 171  MF9043821_Temnothorax_67    64.85%    passed     58.04%
 172  MF9045611_Temnothorax_66    64.29%    passed     59.71%
 173  MF9058921_Temnothorax_58    64.10%    passed     58.18%
 174  MF9021911_Temnothorax_54    67.64%    passed     61.66%
 175  MF9016341_Temnothorax_55    64.10%    passed     50.90%
 176  MF9057061_Temnothorax_59    63.36%    passed     55.87%
 177  MF9055791_Temnothorax_60    64.29%    passed     55.92%
 178  MF8995361_Temnothorax_74    64.66%    passed     60.52%
 179  MF8994831_Temnothorax_75    66.71%    passed     64.72%
 180  KR4143881_Temnothorax_145   61.93%    passed     65.83%
 181  MG3440171_Temnothorax_169   65.10%    passed     44.54%
 182  MG3422011_Temnothorax_190   65.03%    passed     43.63%
 183  KR4176291_Temnothorax_144   63.55%    passed     49.85%
 184  MG3442821_Temnothorax_165   64.85%    passed     47.62%
 185  MG3432961_Temnothorax_175   59.21%    passed     32.10%
 186  MG3430811_Temnothorax_176   64.29%    passed     49.76%
 187  MG3423491_Temnothorax_188   64.91%    passed     46.98%
 188  MG3417811_Temnothorax_197   64.35%    passed     49.36%
 189  KR4135381_Temnothorax_146   67.45%    passed     48.11%
 190  MG3421061_Temnothorax_192   65.41%    passed     78.78%
 191  OX3951501_Temnothorax_8     82.46%    passed     74.06%
 192  MT6063981_Temnothorax_135   59.21%    passed     34.95%
 193  MT6063971_Temnothorax_136   59.21%    passed     41.00%
 194  MT6063961_Temnothorax_137   59.21%    passed     47.21%
 195  MH1384721_Temnothorax_127   59.21%    passed     57.58%
 196  MH1384691_Temnothorax_128   59.21%    passed     49.11%
 197  MH1384681_Temnothorax_129   59.21%    passed     49.11%
 198  MT6064011_Temnothorax_132   59.21%    passed     60.53%
 199  MT6064001_Temnothorax_133   59.21%    passed     69.27%
 200  MT6063991_Temnothorax_134   59.21%    passed     60.11%
WARNING: 117 sequences contain more than 50% gaps/ambiguity
****  TOTAL                       46.53%  7 sequences failed composition chi2 test (p-value<5%; df=3)


Create initial parsimony tree by phylogenetic likelihood library (PLL)... 0.053 seconds
Measuring multi-threading efficiency up to 2 CPU cores
Increase to 10 rounds for branch lengths
5 trees examined
Threads: 1 / Time: 2.130 sec / Speedup: 1.000 / Efficiency: 100% / LogL: -61295
Threads: 2 / Time: 3.370 sec / Speedup: 0.632 / Efficiency: 32% / LogL: -61295
BEST NUMBER OF THREADS: 1

Perform fast likelihood tree search using GTR+I+G model...
Estimate model parameters (epsilon = 5.000)
Perform nearest neighbor interchange...
Estimate model parameters (epsilon = 1.000)
1. Initial log-likelihood: -11960.166
2. Current log-likelihood: -11958.524
Optimal log-likelihood: -11957.772
Rate parameters:  A-C: 2.80749  A-G: 8.57555  A-T: 2.68460  C-G: 0.63440  C-T: 22.50397  G-T: 1.00000
Base frequencies:  A: 0.313  C: 0.186  G: 0.109  T: 0.392
Proportion of invariable sites: 0.147
Gamma shape alpha: 0.618
Parameters optimization took 2 rounds (0.996 sec)
Time for fast ML tree search: 7.862 seconds

NOTE: ModelFinder requires 20 MB RAM!
ModelFinder will test up to 88 DNA models (sample size: 1613) ...
 No. Model         -LnL         df  AIC          AICc         BIC
  1  GTR+F         12921.575    405 26653.151    26925.611    28834.420
  2  GTR+F+I       12556.441    406 25924.882    26198.916    28111.538
  3  GTR+F+G4      11959.304    406 24730.609    25004.642    26917.264
  4  GTR+F+I+G4    11957.701    407 24729.401    25005.013    26921.442
  7  SYM+G4        12184.496    403 25174.993    25444.326    27345.491
  8  SYM+I+G4      12180.693    404 25169.386    25440.280    27345.270
 11  TVM+F+G4      12005.413    405 24820.827    25093.287    27002.097
 12  TVM+F+I+G4    12006.266    406 24824.532    25098.565    27011.187
 15  TVMe+G4       12377.631    402 25559.262    25827.041    27724.374
 16  TVMe+I+G4     12375.314    403 25556.627    25825.961    27727.125
 19  TIM3+F+G4     11988.757    404 24785.514    25056.408    26961.398
 20  TIM3+F+I+G4   11986.916    405 24783.832    25056.292    26965.101
 23  TIM3e+G4      12332.787    401 25467.574    25733.804    27627.301
 24  TIM3e+I+G4    12328.904    402 25461.809    25729.587    27626.921
 27  TIM2+F+G4     11959.730    404 24727.460    24998.354    26903.343
 28  TIM2+F+I+G4   11958.196    405 24726.391    24998.852    26907.661
 31  TIM2e+G4      12203.016    401 25208.031    25474.261    27367.758
 32  TIM2e+I+G4    12199.090    402 25202.180    25469.958    27367.292
 35  TIM+F+G4      11986.259    404 24780.517    25051.411    26956.401
 36  TIM+F+I+G4    11984.519    405 24779.037    25051.498    26960.307
 39  TIMe+G4       12309.318    401 25420.636    25686.865    27580.362
 40  TIMe+I+G4     12305.541    402 25415.082    25682.860    27580.194
 43  TPM3u+F+G4    12029.372    403 24864.743    25134.076    27035.241
 44  TPM3u+F+I+G4  12029.973    404 24867.945    25138.839    27043.829
 47  TPM3+F+G4     12029.372    403 24864.743    25134.076    27035.241
 48  TPM3+F+I+G4   12029.973    404 24867.945    25138.839    27043.829
 51  TPM2u+F+G4    12005.813    403 24817.626    25086.959    26988.124
 52  TPM2u+F+I+G4  12006.720    404 24821.441    25092.335    26997.325
 55  TPM2+F+G4     12005.813    403 24817.626    25086.959    26988.124
 56  TPM2+F+I+G4   12006.720    404 24821.441    25092.335    26997.325
 59  K3Pu+F+G4     12027.767    403 24861.534    25130.868    27032.032
 60  K3Pu+F+I+G4   12028.414    404 24864.829    25135.723    27040.713
 63  K3P+G4        12503.797    400 25807.593    26072.280    27961.933
 64  K3P+I+G4      12501.836    401 25805.672    26071.902    27965.398
 67  TN+F+G4       11988.761    403 24783.522    25052.855    26954.020
 68  TN+F+I+G4     11986.918    404 24781.836    25052.730    26957.720
 71  TNe+G4        12346.695    400 25493.390    25758.077    27647.731
 72  TNe+I+G4      12342.582    401 25487.165    25753.394    27646.891
 75  HKY+F+G4      12029.389    402 24862.779    25130.557    27027.891
 76  HKY+F+I+G4    12030.016    403 24866.033    25135.366    27036.531
 79  K2P+G4        12540.556    399 25879.112    26142.261    28028.066
 80  K2P+I+G4      12538.104    400 25876.208    26140.894    28030.548
 83  F81+F+G4      12796.929    401 26395.858    26662.088    28555.584
 84  F81+F+I+G4    12797.255    402 26398.511    26666.289    28563.623
 87  JC+G4         13182.915    398 27161.830    27423.448    29305.399
 88  JC+I+G4       13182.522    399 27163.043    27426.193    29311.998
Akaike Information Criterion:           TIM2+F+I+G4
Corrected Akaike Information Criterion: TIM2+F+G4
Bayesian Information Criterion:         TIM2+F+G4
Best-fit model: TIM2+F+G4 chosen according to BIC

All model information printed to /content/drive/MyDrive/PhyloPipelineRuns/Temnothorax_COI_200species_phyloSafe_20260310-032427/muscle.aln.fasta.model.gz
CPU time for ModelFinder: 83.351 seconds (0h:1m:23s)
Wall-clock time for ModelFinder: 83.169 seconds (0h:1m:23s)

NOTE: 20 MB RAM (0 GB) is required!
Estimate model parameters (epsilon = 0.100)
1. Initial log-likelihood: -11959.730
Optimal log-likelihood: -11959.718
Rate parameters:  A-C: 3.08931  A-G: 10.05841  A-T: 3.08931  C-G: 1.00000  C-T: 24.49515  G-T: 1.00000
Base frequencies:  A: 0.313  C: 0.186  G: 0.109  T: 0.392
Gamma shape alpha: 0.436
Parameters optimization took 1 rounds (0.302 sec)
Computing ML distances based on estimated model parameters... 1.125 sec
WARNING: Some pairwise ML distances are too long (saturated)
Computing BIONJ tree...
0.045 seconds
Log-likelihood of BIONJ tree: -12334.433
--------------------------------------------------------------------
|             INITIALIZING CANDIDATE TREE SET                      |
--------------------------------------------------------------------
Generating 98 parsimony trees... 4.232 second
Computing log-likelihood of 98 initial trees ... 5.073 seconds
Current best score: -11959.718

Do NNI search on 20 best initial trees
Estimate model parameters (epsilon = 0.100)
BETTER TREE FOUND at iteration 1: -11958.619
Estimate model parameters (epsilon = 0.100)
BETTER TREE FOUND at iteration 2: -11939.595
Estimate model parameters (epsilon = 0.100)
BETTER TREE FOUND at iteration 4: -11929.753
Estimate model parameters (epsilon = 0.100)
BETTER TREE FOUND at iteration 9: -11927.385
Iteration 10 / LogL: -11929.871 / Time: 0h:0m:33s
Iteration 20 / LogL: -11936.627 / Time: 0h:0m:53s
Finish initializing candidate tree set (20)
Current best tree score: -11927.385 / CPU time: 50.211
Number of iterations: 20
--------------------------------------------------------------------
|               OPTIMIZING CANDIDATE TREE SET                      |
--------------------------------------------------------------------
Iteration 30 / LogL: -11991.237 / Time: 0h:1m:20s (0h:3m:39s left)
Iteration 40 / LogL: -11927.563 / Time: 0h:1m:44s (0h:3m:4s left)
Estimate model parameters (epsilon = 0.100)
BETTER TREE FOUND at iteration 43: -11926.593
Iteration 50 / LogL: -11953.936 / Time: 0h:2m:9s (0h:4m:5s left)
Estimate model parameters (epsilon = 0.100)
BETTER TREE FOUND at iteration 55: -11926.534
Estimate model parameters (epsilon = 0.100)
BETTER TREE FOUND at iteration 58: -11923.042
Iteration 60 / LogL: -11923.177 / Time: 0h:2m:41s (0h:4m:28s left)
Iteration 70 / LogL: -11930.542 / Time: 0h:3m:10s (0h:4m:3s left)
Iteration 80 / LogL: -11974.274 / Time: 0h:3m:36s (0h:3m:34s left)
Iteration 90 / LogL: -11927.198 / Time: 0h:4m:5s (0h:3m:7s left)
Iteration 100 / LogL: -11984.170 / Time: 0h:4m:38s (0h:2m:43s left)
Iteration 110 / LogL: -11951.133 / Time: 0h:5m:2s (0h:2m:13s left)
BETTER TREE FOUND at iteration 112: -11923.037
Iteration 120 / LogL: -11923.622 / Time: 0h:5m:27s (0h:4m:13s left)
Iteration 130 / LogL: -11923.309 / Time: 0h:5m:58s (0h:3m:47s left)
Iteration 140 / LogL: -11924.880 / Time: 0h:6m:34s (0h:3m:24s left)
BETTER TREE FOUND at iteration 145: -11923.032
Iteration 150 / LogL: -11928.874 / Time: 0h:7m:7s (0h:4m:32s left)
Iteration 160 / LogL: -11923.177 / Time: 0h:7m:39s (0h:4m:5s left)
Iteration 170 / LogL: -11986.995 / Time: 0h:8m:3s (0h:3m:34s left)
Iteration 180 / LogL: -11924.836 / Time: 0h:8m:31s (0h:3m:5s left)
Iteration 190 / LogL: -11950.968 / Time: 0h:9m:3s (0h:2m:38s left)
Iteration 200 / LogL: -11931.637 / Time: 0h:9m:35s (0h:2m:10s left)
Iteration 210 / LogL: -11960.061 / Time: 0h:10m:5s (0h:1m:41s left)
Iteration 220 / LogL: -11928.652 / Time: 0h:10m:33s (0h:1m:12s left)
Iteration 230 / LogL: -11934.553 / Time: 0h:11m:2s (0h:0m:43s left)
Iteration 240 / LogL: -11953.377 / Time: 0h:11m:37s (0h:0m:14s left)
TREE SEARCH COMPLETED AFTER 246 ITERATIONS / Time: 0h:11m:55s

--------------------------------------------------------------------
|                    FINALIZING TREE SEARCH                        |
--------------------------------------------------------------------
Performs final model parameters optimization
Estimate model parameters (epsilon = 0.010)
1. Initial log-likelihood: -11923.032
Optimal log-likelihood: -11923.032
Rate parameters:  A-C: 3.02163  A-G: 9.99993  A-T: 3.02163  C-G: 1.00000  C-T: 24.45411  G-T: 1.00000
Base frequencies:  A: 0.313  C: 0.186  G: 0.109  T: 0.392
Gamma shape alpha: 0.433
Parameters optimization took 1 rounds (0.408 sec)
BEST SCORE FOUND : -11923.032
Total tree length: 14.226

Total number of iterations: 246
CPU time used for tree search: 696.997 sec (0h:11m:36s)
Wall-clock time used for tree search: 713.018 sec (0h:11m:53s)
Total CPU time used: 700.040 sec (0h:11m:40s)
Total wall-clock time used: 716.247 sec (0h:11m:56s)

Analysis results written to: 
  IQ-TREE report:                /content/drive/MyDrive/PhyloPipelineRuns/Temnothorax_COI_200species_phyloSafe_20260310-032427/muscle.aln.fasta.iqtree
  Maximum-likelihood tree:       /content/drive/MyDrive/PhyloPipelineRuns/Temnothorax_COI_200species_phyloSafe_20260310-032427/muscle.aln.fasta.treefile
  Likelihood distances:          /content/drive/MyDrive/PhyloPipelineRuns/Temnothorax_COI_200species_phyloSafe_20260310-032427/muscle.aln.fasta.mldist
  Screen log file:               /content/drive/MyDrive/PhyloPipelineRuns/Temnothorax_COI_200species_phyloSafe_20260310-032427/muscle.aln.fasta.log

Date and Time: Tue Mar 10 03:48:45 2026
